2023-01-06 20:04:44.811 [info] Log level: Info
2023-01-06 20:04:44.811 [info] Validating found git in: "git"
2023-01-06 20:04:44.811 [info] Using git "2.38.1" from "git"
2023-01-06 20:04:44.811 [info] > git rev-parse --show-toplevel [6ms]
2023-01-06 20:04:44.811 [info] > git rev-parse --git-dir --git-common-dir [1ms]
2023-01-06 20:04:44.811 [info] Open repository: /home/syed/alihyder/projects/customer-rev
2023-01-06 20:04:44.811 [info] > git config --get commit.template [1ms]
2023-01-06 20:04:44.811 [info] > git for-each-ref --format=%(refname)%00%(upstream:short)%00%(objectname)%00%(upstream:track)%00%(upstream:remotename)%00%(upstream:remoteref) refs/heads/master refs/remotes/master [2ms]
2023-01-06 20:04:44.819 [info] > git status -z -uall [169ms]
2023-01-06 20:04:44.820 [info] > git for-each-ref --sort -committerdate --format %(refname) %(objectname) %(*objectname) [163ms]
2023-01-06 20:04:44.865 [info] > git config --get commit.template [1ms]
2023-01-06 20:04:44.871 [info] > git for-each-ref --format=%(refname)%00%(upstream:short)%00%(objectname)%00%(upstream:track)%00%(upstream:remotename)%00%(upstream:remoteref) refs/heads/master refs/remotes/master [1ms]
2023-01-06 20:04:44.901 [info] > git status -z -uall [25ms]
2023-01-06 20:04:44.902 [info] > git for-each-ref --sort -committerdate --format %(refname) %(objectname) %(*objectname) [21ms]
2023-01-06 20:04:45.231 [info] > git show --textconv :app.py [8ms]
2023-01-06 20:04:45.232 [info] > git ls-files --stage -- /home/syed/alihyder/projects/customer-rev/app.py [3ms]
2023-01-06 20:04:45.241 [info] > git cat-file -s ca90aa96dec8818c18d8977f09825335d86f0419 [2ms]
2023-01-06 20:04:45.327 [info] > git check-ignore -v -z --stdin [1ms]
2023-01-06 20:05:00.847 [info] > git config --get commit.template [2ms]
2023-01-06 20:05:00.856 [info] > git for-each-ref --format=%(refname)%00%(upstream:short)%00%(objectname)%00%(upstream:track)%00%(upstream:remotename)%00%(upstream:remoteref) refs/heads/master refs/remotes/master [1ms]
2023-01-06 20:05:00.874 [info] > git status -z -uall [9ms]
2023-01-06 20:05:00.875 [info] > git for-each-ref --sort -committerdate --format %(refname) %(objectname) %(*objectname) [3ms]
2023-01-06 20:05:46.771 [info] > git config --get commit.template [25ms]
2023-01-06 20:05:46.773 [info] > git ls-files --stage -- /home/syed/alihyder/projects/customer-rev/app.py [4ms]
2023-01-06 20:05:46.783 [info] > git for-each-ref --format=%(refname)%00%(upstream:short)%00%(objectname)%00%(upstream:track)%00%(upstream:remotename)%00%(upstream:remoteref) refs/heads/master refs/remotes/master [27ms]
2023-01-06 20:05:46.802 [info] > git cat-file -s fd3622615cdb7e7b5f05d412db443a7d71add89a [19ms]
2023-01-06 20:05:46.804 [info] > git for-each-ref --sort -committerdate --format %(refname) %(objectname) %(*objectname) [4ms]
2023-01-06 20:05:46.807 [info] > git status -z -uall [15ms]
2023-01-06 20:05:46.831 [info] > git show --textconv :app.py [3ms]
2023-01-06 20:06:00.852 [info] > git config --get commit.template [3ms]
2023-01-06 20:06:00.863 [info] > git for-each-ref --format=%(refname)%00%(upstream:short)%00%(objectname)%00%(upstream:track)%00%(upstream:remotename)%00%(upstream:remoteref) refs/heads/master refs/remotes/master [2ms]
2023-01-06 20:06:00.881 [info] > git for-each-ref --sort -committerdate --format %(refname) %(objectname) %(*objectname) [2ms]
2023-01-06 20:06:00.886 [info] > git status -z -uall [16ms]
2023-01-06 20:07:07.629 [info] > git config --get commit.template [9ms]
2023-01-06 20:07:07.631 [info] > git for-each-ref --format=%(refname)%00%(upstream:short)%00%(objectname)%00%(upstream:track)%00%(upstream:remotename)%00%(upstream:remoteref) refs/heads/master refs/remotes/master [3ms]
2023-01-06 20:07:07.650 [info] > git for-each-ref --sort -committerdate --format %(refname) %(objectname) %(*objectname) [2ms]
2023-01-06 20:07:07.650 [info] > git status -z -uall [11ms]
2023-01-06 20:08:50.014 [info] > git config --get commit.template [7ms]
2023-01-06 20:08:50.015 [info] > git for-each-ref --format=%(refname)%00%(upstream:short)%00%(objectname)%00%(upstream:track)%00%(upstream:remotename)%00%(upstream:remoteref) refs/heads/master refs/remotes/master [1ms]
2023-01-06 20:08:50.029 [info] > git for-each-ref --sort -committerdate --format %(refname) %(objectname) %(*objectname) [2ms]
2023-01-06 20:08:50.030 [info] > git status -z -uall [9ms]
