2023-01-17 23:47:23.215 [info] Starting worker process with pid 1482 (type: fileWatcher, window: 1).
2023-01-17 23:47:25.279 [info] Getting Manifest... alexdauenhauer.catppuccin-noctis
2023-01-17 23:47:25.283 [info] Getting Manifest... esbenp.prettier-vscode
2023-01-17 23:47:25.613 [info] Installing extension: esbenp.prettier-vscode
2023-01-17 23:47:26.435 [info] Installing extension: alexdauenhauer.catppuccin-noctis
2023-01-17 23:47:27.596 [info] Extracted extension to /home/syed/.vscode/extensions/.b82ff51a-43a5-4bb5-89b8-a34414e7cbd8: esbenp.prettier-vscode
2023-01-17 23:47:27.604 [info] Renamed to /home/syed/.vscode/extensions/esbenp.prettier-vscode-9.10.4
2023-01-17 23:47:27.606 [info] Extracting completed. esbenp.prettier-vscode
2023-01-17 23:47:27.615 [info] Extension installed successfully: esbenp.prettier-vscode
2023-01-17 23:47:27.623 [info] Marked extension as uninstalled esbenp.prettier-vscode-9.10.3
2023-01-17 23:47:29.196 [info] Extracted extension to /home/syed/.vscode/extensions/.82fc8d00-84c9-4ae3-96a2-3394a07ad932: alexdauenhauer.catppuccin-noctis
2023-01-17 23:47:29.198 [info] Renamed to /home/syed/.vscode/extensions/alexdauenhauer.catppuccin-noctis-1.3.0
2023-01-17 23:47:29.200 [info] Extracting completed. alexdauenhauer.catppuccin-noctis
2023-01-17 23:47:29.205 [info] Extension installed successfully: alexdauenhauer.catppuccin-noctis
2023-01-17 23:47:29.210 [info] Marked extension as uninstalled alexdauenhauer.catppuccin-noctis-1.2.1
2023-01-17 23:47:44.262 [info] Getting Manifest... tabnine.tabnine-vscode
2023-01-17 23:47:44.267 [info] Installing extension: tabnine.tabnine-vscode
2023-01-17 23:47:46.239 [info] Extracted extension to /home/syed/.vscode/extensions/.6b04c324-6724-4a3e-bcc9-52a572f47555: tabnine.tabnine-vscode
2023-01-17 23:47:46.242 [info] Renamed to /home/syed/.vscode/extensions/tabnine.tabnine-vscode-3.6.36
2023-01-17 23:47:46.243 [info] Extracting completed. tabnine.tabnine-vscode
2023-01-17 23:47:46.249 [info] Extension installed successfully: tabnine.tabnine-vscode
2023-01-17 23:48:20.215 [info] Getting Manifest... ms-azuretools.vscode-docker
2023-01-17 23:48:20.217 [info] Getting Manifest... ms-vscode-remote.remote-containers
2023-01-17 23:48:20.222 [info] Installing extension: ms-azuretools.vscode-docker
2023-01-17 23:48:20.224 [info] Installing extension: ms-vscode-remote.remote-containers
2023-01-17 23:48:22.818 [info] Extracted extension to /home/syed/.vscode/extensions/.8983c160-6d25-4244-9d37-9827e2bfebbe: ms-azuretools.vscode-docker
2023-01-17 23:48:22.825 [info] Renamed to /home/syed/.vscode/extensions/ms-azuretools.vscode-docker-1.23.3
2023-01-17 23:48:22.831 [info] Extracting completed. ms-azuretools.vscode-docker
2023-01-17 23:48:22.842 [info] Extension installed successfully: ms-azuretools.vscode-docker
2023-01-17 23:48:23.003 [info] Extracted extension to /home/syed/.vscode/extensions/.a9d9df8d-5abb-4305-af01-5256b1ff49df: ms-vscode-remote.remote-containers
2023-01-17 23:48:23.012 [info] Renamed to /home/syed/.vscode/extensions/ms-vscode-remote.remote-containers-0.266.1
2023-01-17 23:48:23.016 [info] Extracting completed. ms-vscode-remote.remote-containers
2023-01-17 23:48:23.031 [info] Extension installed successfully: ms-vscode-remote.remote-containers
