2023-01-06 20:27:20.154 [info] Log level: Info
2023-01-06 20:27:20.154 [info] Validating found git in: "git"
2023-01-06 20:27:20.154 [info] Using git "2.38.1" from "git"
2023-01-06 20:27:20.154 [info] > git rev-parse --show-toplevel [3ms]
2023-01-06 20:27:20.154 [info] > git rev-parse --git-dir --git-common-dir [1ms]
2023-01-06 20:27:20.154 [info] Open repository: /home/syed/alihyder/projects/customer-rev
2023-01-06 20:27:20.158 [info] > git config --get commit.template [69ms]
2023-01-06 20:27:20.164 [info] > git for-each-ref --format=%(refname)%00%(upstream:short)%00%(objectname)%00%(upstream:track)%00%(upstream:remotename)%00%(upstream:remoteref) refs/heads/master refs/remotes/master [1ms]
2023-01-06 20:27:20.180 [info] > git status -z -uall [9ms]
2023-01-06 20:27:20.180 [info] > git for-each-ref --sort -committerdate --format %(refname) %(objectname) %(*objectname) [5ms]
2023-01-06 20:27:20.195 [info] > git config --get commit.template [4ms]
2023-01-06 20:27:20.195 [info] > git for-each-ref --format=%(refname)%00%(upstream:short)%00%(objectname)%00%(upstream:track)%00%(upstream:remotename)%00%(upstream:remoteref) refs/heads/master refs/remotes/master [1ms]
2023-01-06 20:27:20.205 [info] > git for-each-ref --sort -committerdate --format %(refname) %(objectname) %(*objectname) [1ms]
2023-01-06 20:27:20.206 [info] > git status -z -uall [7ms]
2023-01-06 20:27:20.535 [info] > git show --textconv :app.py [6ms]
2023-01-06 20:27:20.537 [info] > git ls-files --stage -- /home/syed/alihyder/projects/customer-rev/app.py [1ms]
2023-01-06 20:27:20.544 [info] > git cat-file -s fd3622615cdb7e7b5f05d412db443a7d71add89a [2ms]
2023-01-06 20:27:20.668 [info] > git check-ignore -v -z --stdin [2ms]
2023-01-06 20:35:49.610 [info] > git config --get commit.template [9ms]
2023-01-06 20:35:49.611 [info] > git for-each-ref --format=%(refname)%00%(upstream:short)%00%(objectname)%00%(upstream:track)%00%(upstream:remotename)%00%(upstream:remoteref) refs/heads/master refs/remotes/master [2ms]
2023-01-06 20:35:49.628 [info] > git for-each-ref --sort -committerdate --format %(refname) %(objectname) %(*objectname) [2ms]
2023-01-06 20:35:49.630 [info] > git status -z -uall [11ms]
2023-01-06 20:36:29.796 [info] > git config --get commit.template [6ms]
2023-01-06 20:36:29.796 [info] > git for-each-ref --format=%(refname)%00%(upstream:short)%00%(objectname)%00%(upstream:track)%00%(upstream:remotename)%00%(upstream:remoteref) refs/heads/master refs/remotes/master [2ms]
2023-01-06 20:36:29.810 [info] > git for-each-ref --sort -committerdate --format %(refname) %(objectname) %(*objectname) [2ms]
2023-01-06 20:36:29.814 [info] > git status -z -uall [12ms]
2023-01-06 20:40:36.668 [info] > git config --get commit.template [1ms]
2023-01-06 20:40:36.677 [info] > git for-each-ref --format=%(refname)%00%(upstream:short)%00%(objectname)%00%(upstream:track)%00%(upstream:remotename)%00%(upstream:remoteref) refs/heads/master refs/remotes/master [2ms]
2023-01-06 20:40:36.693 [info] > git for-each-ref --sort -committerdate --format %(refname) %(objectname) %(*objectname) [1ms]
2023-01-06 20:40:36.699 [info] > git status -z -uall [14ms]
2023-01-06 20:43:15.853 [info] > git config --get commit.template [1ms]
2023-01-06 20:43:15.859 [info] > git for-each-ref --format=%(refname)%00%(upstream:short)%00%(objectname)%00%(upstream:track)%00%(upstream:remotename)%00%(upstream:remoteref) refs/heads/master refs/remotes/master [1ms]
2023-01-06 20:43:15.874 [info] > git for-each-ref --sort -committerdate --format %(refname) %(objectname) %(*objectname) [1ms]
2023-01-06 20:43:15.878 [info] > git status -z -uall [12ms]
2023-01-06 20:43:20.891 [info] > git config --get commit.template [1ms]
2023-01-06 20:43:20.900 [info] > git for-each-ref --format=%(refname)%00%(upstream:short)%00%(objectname)%00%(upstream:track)%00%(upstream:remotename)%00%(upstream:remoteref) refs/heads/master refs/remotes/master [2ms]
2023-01-06 20:43:20.911 [info] > git for-each-ref --sort -committerdate --format %(refname) %(objectname) %(*objectname) [1ms]
2023-01-06 20:43:20.911 [info] > git status -z -uall [7ms]
2023-01-06 20:48:16.013 [info] > git config --get commit.template [4ms]
2023-01-06 20:48:16.014 [info] > git for-each-ref --format=%(refname)%00%(upstream:short)%00%(objectname)%00%(upstream:track)%00%(upstream:remotename)%00%(upstream:remoteref) refs/heads/master refs/remotes/master [1ms]
2023-01-06 20:48:16.028 [info] > git for-each-ref --sort -committerdate --format %(refname) %(objectname) %(*objectname) [1ms]
2023-01-06 20:48:16.034 [info] > git status -z -uall [13ms]
2023-01-06 20:55:04.868 [info] > git config --get commit.template [1ms]
2023-01-06 20:55:04.876 [info] > git for-each-ref --format=%(refname)%00%(upstream:short)%00%(objectname)%00%(upstream:track)%00%(upstream:remotename)%00%(upstream:remoteref) refs/heads/master refs/remotes/master [2ms]
2023-01-06 20:55:04.887 [info] > git for-each-ref --sort -committerdate --format %(refname) %(objectname) %(*objectname) [1ms]
2023-01-06 20:55:04.888 [info] > git status -z -uall [6ms]
2023-01-06 20:57:26.016 [info] > git config --get commit.template [1ms]
2023-01-06 20:57:26.023 [info] > git for-each-ref --format=%(refname)%00%(upstream:short)%00%(objectname)%00%(upstream:track)%00%(upstream:remotename)%00%(upstream:remoteref) refs/heads/master refs/remotes/master [1ms]
2023-01-06 20:57:26.033 [info] > git status -z -uall [6ms]
2023-01-06 20:57:26.033 [info] > git for-each-ref --sort -committerdate --format %(refname) %(objectname) %(*objectname) [1ms]
2023-01-06 21:29:53.038 [info] > git config --get commit.template [1ms]
2023-01-06 21:29:53.045 [info] > git for-each-ref --format=%(refname)%00%(upstream:short)%00%(objectname)%00%(upstream:track)%00%(upstream:remotename)%00%(upstream:remoteref) refs/heads/master refs/remotes/master [3ms]
2023-01-06 21:29:53.059 [info] > git for-each-ref --sort -committerdate --format %(refname) %(objectname) %(*objectname) [1ms]
2023-01-06 21:29:53.087 [info] > git status -z -uall [35ms]
2023-01-06 21:30:19.832 [info] > git config --get commit.template [12ms]
2023-01-06 21:30:19.833 [info] > git for-each-ref --format=%(refname)%00%(upstream:short)%00%(objectname)%00%(upstream:track)%00%(upstream:remotename)%00%(upstream:remoteref) refs/heads/master refs/remotes/master [4ms]
2023-01-06 21:30:19.845 [info] > git for-each-ref --sort -committerdate --format %(refname) %(objectname) %(*objectname) [1ms]
2023-01-06 21:30:19.856 [info] > git status -z -uall [17ms]
