2023-01-17 23:47:22.371 [info] Added views:workbench.panel.markers.view in workbench.panel.markers
2023-01-17 23:47:22.371 [info] Added views:workbench.panel.output in workbench.panel.output
2023-01-17 23:47:22.371 [info] Added views:terminal in terminal
2023-01-17 23:47:22.371 [info] Added views:outline in workbench.view.explorer
2023-01-17 23:47:22.371 [info] Added views:workbench.scm in workbench.view.scm
2023-01-17 23:47:22.371 [info] Added views:workbench.view.search in workbench.view.search
2023-01-17 23:47:22.371 [info] Added views:timeline in workbench.view.explorer
2023-01-17 23:47:22.371 [info] Added views:workbench.explorer.emptyView in workbench.view.explorer
2023-01-17 23:47:22.371 [info] Added views:workbench.explorer.openEditorsView in workbench.view.explorer
2023-01-17 23:47:22.476 [info] Added views:workbench.debug.welcome in workbench.view.debug
2023-01-17 23:47:23.232 [info] Added views:workbench.panel.repl.view in workbench.panel.repl
2023-01-17 23:47:31.278 [info] Added views:workbench.views.extensions.installed,workbench.views.extensions.popular,extensions.recommendedList in workbench.view.extensions
2023-01-17 23:47:31.280 [info] Removed views:workbench.views.extensions.popular from workbench.view.extensions
2023-01-17 23:47:36.495 [info] Removed views:extensions.recommendedList,workbench.views.extensions.installed from workbench.view.extensions
2023-01-17 23:47:36.541 [info] Added views:workbench.views.extensions.marketplace in workbench.view.extensions
2023-01-17 23:47:46.473 [info] Added views:workbench.panel.comments in workbench.panel.comments
2023-01-17 23:47:55.202 [info] Added views:tabnine-home in workbench.view.extension.tabnine-access
2023-01-17 23:47:55.206 [info] Added views:tabnine-notifications in workbench.view.extension.tabnine-access
2023-01-17 23:47:55.207 [info] Added views:tabnine-today in workbench.view.extension.tabnine-access
2023-01-17 23:48:22.979 [info] Added views:dockerContainers,dockerImages,dockerRegistries,dockerNetworks,dockerVolumes,vscode-docker.views.dockerContexts,vscode-docker.views.help in workbench.view.extension.dockerView
2023-01-17 23:48:23.166 [info] Added views:targetsContainers,devVolumes in workbench.view.remote
